This is pdfTeX, Version 3.14159265-2.6-1.40.16 (MiKTeX 2.9) (preloaded format=pdflatex 2015.10.11)  18 NOV 2015 00:30
entering extended mode
**template.tex
(template.tex
LaTeX2e <2015/01/01> patch level 2
Babel <3.9m> and hyphenation patterns for 69 languages loaded.
("C:\Program Files (x86)\MiKTeX 2.9\tex\latex\base\article.cls"
Document Class: article 2014/09/29 v1.4h Standard LaTeX document class
("C:\Program Files (x86)\MiKTeX 2.9\tex\latex\base\size10.clo"
File: size10.clo 2014/09/29 v1.4h Standard LaTeX file (size option)
)
\c@part=\count79
\c@section=\count80
\c@subsection=\count81
\c@subsubsection=\count82
\c@paragraph=\count83
\c@subparagraph=\count84
\c@figure=\count85
\c@table=\count86
\abovecaptionskip=\skip41
\belowcaptionskip=\skip42
\bibindent=\dimen102
)
("C:\Program Files (x86)\MiKTeX 2.9\tex\generic\babel\babel.sty"
Package: babel 2015/08/03 3.9m The Babel package

*************************************
* Local config file bblopts.cfg used
*
("C:\Program Files (x86)\MiKTeX 2.9\tex\latex\00miktex\bblopts.cfg"
File: bblopts.cfg 2006/07/31 v1.0 MiKTeX 'babel' configuration
)
("C:\Program Files (x86)\MiKTeX 2.9\tex\latex\babel-portuges\portuges.ldf"
Language: portuges 2008/03/18 v1.2q Portuguese support from the babel system

("C:\Program Files (x86)\MiKTeX 2.9\tex\generic\babel\babel.def"
File: babel.def 2015/08/03 3.9m Babel common definitions
\babel@savecnt=\count87
\U@D=\dimen103
)
Package babel Info: Making " an active character on input line 145.
))
("C:\Program Files (x86)\MiKTeX 2.9\tex\latex\base\inputenc.sty"
Package: inputenc 2015/03/17 v1.2c Input encoding file
\inpenc@prehook=\toks14
\inpenc@posthook=\toks15

("C:\Program Files (x86)\MiKTeX 2.9\tex\latex\base\utf8.def"
File: utf8.def 2015/06/27 v1.1n UTF-8 support for inputenc
Now handling font encoding OML ...
... no UTF-8 mapping file for font encoding OML
Now handling font encoding T1 ...
... processing UTF-8 mapping file for font encoding T1

("C:\Program Files (x86)\MiKTeX 2.9\tex\latex\base\t1enc.dfu"
File: t1enc.dfu 2015/06/27 v1.1n UTF-8 support for inputenc
   defining Unicode char U+00A1 (decimal 161)
   defining Unicode char U+00A3 (decimal 163)
   defining Unicode char U+00AB (decimal 171)
   defining Unicode char U+00BB (decimal 187)
   defining Unicode char U+00BF (decimal 191)
   defining Unicode char U+00C0 (decimal 192)
   defining Unicode char U+00C1 (decimal 193)
   defining Unicode char U+00C2 (decimal 194)
   defining Unicode char U+00C3 (decimal 195)
   defining Unicode char U+00C4 (decimal 196)
   defining Unicode char U+00C5 (decimal 197)
   defining Unicode char U+00C6 (decimal 198)
   defining Unicode char U+00C7 (decimal 199)
   defining Unicode char U+00C8 (decimal 200)
   defining Unicode char U+00C9 (decimal 201)
   defining Unicode char U+00CA (decimal 202)
   defining Unicode char U+00CB (decimal 203)
   defining Unicode char U+00CC (decimal 204)
   defining Unicode char U+00CD (decimal 205)
   defining Unicode char U+00CE (decimal 206)
   defining Unicode char U+00CF (decimal 207)
   defining Unicode char U+00D0 (decimal 208)
   defining Unicode char U+00D1 (decimal 209)
   defining Unicode char U+00D2 (decimal 210)
   defining Unicode char U+00D3 (decimal 211)
   defining Unicode char U+00D4 (decimal 212)
   defining Unicode char U+00D5 (decimal 213)
   defining Unicode char U+00D6 (decimal 214)
   defining Unicode char U+00D8 (decimal 216)
   defining Unicode char U+00D9 (decimal 217)
   defining Unicode char U+00DA (decimal 218)
   defining Unicode char U+00DB (decimal 219)
   defining Unicode char U+00DC (decimal 220)
   defining Unicode char U+00DD (decimal 221)
   defining Unicode char U+00DE (decimal 222)
   defining Unicode char U+00DF (decimal 223)
   defining Unicode char U+00E0 (decimal 224)
   defining Unicode char U+00E1 (decimal 225)
   defining Unicode char U+00E2 (decimal 226)
   defining Unicode char U+00E3 (decimal 227)
   defining Unicode char U+00E4 (decimal 228)
   defining Unicode char U+00E5 (decimal 229)
   defining Unicode char U+00E6 (decimal 230)
   defining Unicode char U+00E7 (decimal 231)
   defining Unicode char U+00E8 (decimal 232)
   defining Unicode char U+00E9 (decimal 233)
   defining Unicode char U+00EA (decimal 234)
   defining Unicode char U+00EB (decimal 235)
   defining Unicode char U+00EC (decimal 236)
   defining Unicode char U+00ED (decimal 237)
   defining Unicode char U+00EE (decimal 238)
   defining Unicode char U+00EF (decimal 239)
   defining Unicode char U+00F0 (decimal 240)
   defining Unicode char U+00F1 (decimal 241)
   defining Unicode char U+00F2 (decimal 242)
   defining Unicode char U+00F3 (decimal 243)
   defining Unicode char U+00F4 (decimal 244)
   defining Unicode char U+00F5 (decimal 245)
   defining Unicode char U+00F6 (decimal 246)
   defining Unicode char U+00F8 (decimal 248)
   defining Unicode char U+00F9 (decimal 249)
   defining Unicode char U+00FA (decimal 250)
   defining Unicode char U+00FB (decimal 251)
   defining Unicode char U+00FC (decimal 252)
   defining Unicode char U+00FD (decimal 253)
   defining Unicode char U+00FE (decimal 254)
   defining Unicode char U+00FF (decimal 255)
   defining Unicode char U+0102 (decimal 258)
   defining Unicode char U+0103 (decimal 259)
   defining Unicode char U+0104 (decimal 260)
   defining Unicode char U+0105 (decimal 261)
   defining Unicode char U+0106 (decimal 262)
   defining Unicode char U+0107 (decimal 263)
   defining Unicode char U+010C (decimal 268)
   defining Unicode char U+010D (decimal 269)
   defining Unicode char U+010E (decimal 270)
   defining Unicode char U+010F (decimal 271)
   defining Unicode char U+0110 (decimal 272)
   defining Unicode char U+0111 (decimal 273)
   defining Unicode char U+0118 (decimal 280)
   defining Unicode char U+0119 (decimal 281)
   defining Unicode char U+011A (decimal 282)
   defining Unicode char U+011B (decimal 283)
   defining Unicode char U+011E (decimal 286)
   defining Unicode char U+011F (decimal 287)
   defining Unicode char U+0130 (decimal 304)
   defining Unicode char U+0131 (decimal 305)
   defining Unicode char U+0132 (decimal 306)
   defining Unicode char U+0133 (decimal 307)
   defining Unicode char U+0139 (decimal 313)
   defining Unicode char U+013A (decimal 314)
   defining Unicode char U+013D (decimal 317)
   defining Unicode char U+013E (decimal 318)
   defining Unicode char U+0141 (decimal 321)
   defining Unicode char U+0142 (decimal 322)
   defining Unicode char U+0143 (decimal 323)
   defining Unicode char U+0144 (decimal 324)
   defining Unicode char U+0147 (decimal 327)
   defining Unicode char U+0148 (decimal 328)
   defining Unicode char U+014A (decimal 330)
   defining Unicode char U+014B (decimal 331)
   defining Unicode char U+0150 (decimal 336)
   defining Unicode char U+0151 (decimal 337)
   defining Unicode char U+0152 (decimal 338)
   defining Unicode char U+0153 (decimal 339)
   defining Unicode char U+0154 (decimal 340)
   defining Unicode char U+0155 (decimal 341)
   defining Unicode char U+0158 (decimal 344)
   defining Unicode char U+0159 (decimal 345)
   defining Unicode char U+015A (decimal 346)
   defining Unicode char U+015B (decimal 347)
   defining Unicode char U+015E (decimal 350)
   defining Unicode char U+015F (decimal 351)
   defining Unicode char U+0160 (decimal 352)
   defining Unicode char U+0161 (decimal 353)
   defining Unicode char U+0162 (decimal 354)
   defining Unicode char U+0163 (decimal 355)
   defining Unicode char U+0164 (decimal 356)
   defining Unicode char U+0165 (decimal 357)
   defining Unicode char U+016E (decimal 366)
   defining Unicode char U+016F (decimal 367)
   defining Unicode char U+0170 (decimal 368)
   defining Unicode char U+0171 (decimal 369)
   defining Unicode char U+0178 (decimal 376)
   defining Unicode char U+0179 (decimal 377)
   defining Unicode char U+017A (decimal 378)
   defining Unicode char U+017B (decimal 379)
   defining Unicode char U+017C (decimal 380)
   defining Unicode char U+017D (decimal 381)
   defining Unicode char U+017E (decimal 382)
   defining Unicode char U+200C (decimal 8204)
   defining Unicode char U+2013 (decimal 8211)
   defining Unicode char U+2014 (decimal 8212)
   defining Unicode char U+2018 (decimal 8216)
   defining Unicode char U+2019 (decimal 8217)
   defining Unicode char U+201A (decimal 8218)
   defining Unicode char U+201C (decimal 8220)
   defining Unicode char U+201D (decimal 8221)
   defining Unicode char U+201E (decimal 8222)
   defining Unicode char U+2030 (decimal 8240)
   defining Unicode char U+2031 (decimal 8241)
   defining Unicode char U+2039 (decimal 8249)
   defining Unicode char U+203A (decimal 8250)
   defining Unicode char U+2423 (decimal 9251)
)
Now handling font encoding OT1 ...
... processing UTF-8 mapping file for font encoding OT1

("C:\Program Files (x86)\MiKTeX 2.9\tex\latex\base\ot1enc.dfu"
File: ot1enc.dfu 2015/06/27 v1.1n UTF-8 support for inputenc
   defining Unicode char U+00A1 (decimal 161)
   defining Unicode char U+00A3 (decimal 163)
   defining Unicode char U+00B8 (decimal 184)
   defining Unicode char U+00BF (decimal 191)
   defining Unicode char U+00C5 (decimal 197)
   defining Unicode char U+00C6 (decimal 198)
   defining Unicode char U+00D8 (decimal 216)
   defining Unicode char U+00DF (decimal 223)
   defining Unicode char U+00E6 (decimal 230)
   defining Unicode char U+00EC (decimal 236)
   defining Unicode char U+00ED (decimal 237)
   defining Unicode char U+00EE (decimal 238)
   defining Unicode char U+00EF (decimal 239)
   defining Unicode char U+00F8 (decimal 248)
   defining Unicode char U+0131 (decimal 305)
   defining Unicode char U+0141 (decimal 321)
   defining Unicode char U+0142 (decimal 322)
   defining Unicode char U+0152 (decimal 338)
   defining Unicode char U+0153 (decimal 339)
   defining Unicode char U+2013 (decimal 8211)
   defining Unicode char U+2014 (decimal 8212)
   defining Unicode char U+2018 (decimal 8216)
   defining Unicode char U+2019 (decimal 8217)
   defining Unicode char U+201C (decimal 8220)
   defining Unicode char U+201D (decimal 8221)
)
Now handling font encoding OMS ...
... processing UTF-8 mapping file for font encoding OMS

("C:\Program Files (x86)\MiKTeX 2.9\tex\latex\base\omsenc.dfu"
File: omsenc.dfu 2015/06/27 v1.1n UTF-8 support for inputenc
   defining Unicode char U+00A7 (decimal 167)
   defining Unicode char U+00B6 (decimal 182)
   defining Unicode char U+00B7 (decimal 183)
   defining Unicode char U+2020 (decimal 8224)
   defining Unicode char U+2021 (decimal 8225)
   defining Unicode char U+2022 (decimal 8226)
)
Now handling font encoding OMX ...
... no UTF-8 mapping file for font encoding OMX
Now handling font encoding U ...
... no UTF-8 mapping file for font encoding U
   defining Unicode char U+00A9 (decimal 169)
   defining Unicode char U+00AA (decimal 170)
   defining Unicode char U+00AE (decimal 174)
   defining Unicode char U+00BA (decimal 186)
   defining Unicode char U+02C6 (decimal 710)
   defining Unicode char U+02DC (decimal 732)
   defining Unicode char U+200C (decimal 8204)
   defining Unicode char U+2026 (decimal 8230)
   defining Unicode char U+2122 (decimal 8482)
   defining Unicode char U+2423 (decimal 9251)
))
("C:\Program Files (x86)\MiKTeX 2.9\tex\latex\tools\indentfirst.sty"
Package: indentfirst 1995/11/23 v1.03 Indent first paragraph (DPC)
)
("C:\Program Files (x86)\MiKTeX 2.9\tex\latex\graphics\graphicx.sty"
Package: graphicx 2014/10/28 v1.0g Enhanced LaTeX Graphics (DPC,SPQR)

("C:\Program Files (x86)\MiKTeX 2.9\tex\latex\graphics\keyval.sty"
Package: keyval 2014/10/28 v1.15 key=value parser (DPC)
\KV@toks@=\toks16
)
("C:\Program Files (x86)\MiKTeX 2.9\tex\latex\graphics\graphics.sty"
Package: graphics 2014/10/28 v1.0p Standard LaTeX Graphics (DPC,SPQR)

("C:\Program Files (x86)\MiKTeX 2.9\tex\latex\graphics\trig.sty"
Package: trig 1999/03/16 v1.09 sin cos tan (DPC)
)
("C:\Program Files (x86)\MiKTeX 2.9\tex\latex\00miktex\graphics.cfg"
File: graphics.cfg 2007/01/18 v1.5 graphics configuration of teTeX/TeXLive
)
Package graphics Info: Driver file: pdftex.def on input line 94.

("C:\Program Files (x86)\MiKTeX 2.9\tex\latex\pdftex-def\pdftex.def"
File: pdftex.def 2011/05/27 v0.06d Graphics/color for pdfTeX

("C:\Program Files (x86)\MiKTeX 2.9\tex\generic\oberdiek\infwarerr.sty"
Package: infwarerr 2010/04/08 v1.3 Providing info/warning/error messages (HO)
)
("C:\Program Files (x86)\MiKTeX 2.9\tex\generic\oberdiek\ltxcmds.sty"
Package: ltxcmds 2011/11/09 v1.22 LaTeX kernel commands for general use (HO)
)
\Gread@gobject=\count88
))
\Gin@req@height=\dimen104
\Gin@req@width=\dimen105
)
("C:\Program Files (x86)\MiKTeX 2.9\tex\latex\tools\verbatim.sty"
Package: verbatim 2014/10/28 v1.5q LaTeX2e package for verbatim enhancements
\every@verbatim=\toks17
\verbatim@line=\toks18
\verbatim@in@stream=\read1
)
("C:\Program Files (x86)\MiKTeX 2.9\tex\latex\geometry\geometry.sty"
Package: geometry 2010/09/12 v5.6 Page Geometry

("C:\Program Files (x86)\MiKTeX 2.9\tex\generic\oberdiek\ifpdf.sty"
Package: ifpdf 2011/01/30 v2.3 Provides the ifpdf switch (HO)
Package ifpdf Info: pdfTeX in PDF mode is detected.
)
("C:\Program Files (x86)\MiKTeX 2.9\tex\generic\oberdiek\ifvtex.sty"
Package: ifvtex 2010/03/01 v1.5 Detect VTeX and its facilities (HO)
Package ifvtex Info: VTeX not detected.
)
("C:\Program Files (x86)\MiKTeX 2.9\tex\generic\ifxetex\ifxetex.sty"
Package: ifxetex 2010/09/12 v0.6 Provides ifxetex conditional
)
\Gm@cnth=\count89
\Gm@cntv=\count90
\c@Gm@tempcnt=\count91
\Gm@bindingoffset=\dimen106
\Gm@wd@mp=\dimen107
\Gm@odd@mp=\dimen108
\Gm@even@mp=\dimen109
\Gm@layoutwidth=\dimen110
\Gm@layoutheight=\dimen111
\Gm@layouthoffset=\dimen112
\Gm@layoutvoffset=\dimen113
\Gm@dimlist=\toks19

("C:\Program Files (x86)\MiKTeX 2.9\tex\latex\geometry\geometry.cfg"))
("C:\Program Files (x86)\MiKTeX 2.9\tex\latex\amsmath\amsmath.sty"
Package: amsmath 2013/01/14 v2.14 AMS math features
\@mathmargin=\skip43

For additional information on amsmath, use the `?' option.
("C:\Program Files (x86)\MiKTeX 2.9\tex\latex\amsmath\amstext.sty"
Package: amstext 2000/06/29 v2.01

("C:\Program Files (x86)\MiKTeX 2.9\tex\latex\amsmath\amsgen.sty"
File: amsgen.sty 1999/11/30 v2.0
\@emptytoks=\toks20
\ex@=\dimen114
))
("C:\Program Files (x86)\MiKTeX 2.9\tex\latex\amsmath\amsbsy.sty"
Package: amsbsy 1999/11/29 v1.2d
\pmbraise@=\dimen115
)
("C:\Program Files (x86)\MiKTeX 2.9\tex\latex\amsmath\amsopn.sty"
Package: amsopn 1999/12/14 v2.01 operator names
)
\inf@bad=\count92
LaTeX Info: Redefining \frac on input line 210.
\uproot@=\count93
\leftroot@=\count94
LaTeX Info: Redefining \overline on input line 306.
\classnum@=\count95
\DOTSCASE@=\count96
LaTeX Info: Redefining \ldots on input line 378.
LaTeX Info: Redefining \dots on input line 381.
LaTeX Info: Redefining \cdots on input line 466.
\Mathstrutbox@=\box26
\strutbox@=\box27
\big@size=\dimen116
LaTeX Font Info:    Redeclaring font encoding OML on input line 566.
LaTeX Font Info:    Redeclaring font encoding OMS on input line 567.
\macc@depth=\count97
\c@MaxMatrixCols=\count98
\dotsspace@=\muskip10
\c@parentequation=\count99
\dspbrk@lvl=\count100
\tag@help=\toks21
\row@=\count101
\column@=\count102
\maxfields@=\count103
\andhelp@=\toks22
\eqnshift@=\dimen117
\alignsep@=\dimen118
\tagshift@=\dimen119
\tagwidth@=\dimen120
\totwidth@=\dimen121
\lineht@=\dimen122
\@envbody=\toks23
\multlinegap=\skip44
\multlinetaggap=\skip45
\mathdisplay@stack=\toks24
LaTeX Info: Redefining \[ on input line 2665.
LaTeX Info: Redefining \] on input line 2666.
)
("C:\Program Files (x86)\MiKTeX 2.9\tex\latex\listings\listings.sty"
\lst@mode=\count104
\lst@gtempboxa=\box28
\lst@token=\toks25
\lst@length=\count105
\lst@currlwidth=\dimen123
\lst@column=\count106
\lst@pos=\count107
\lst@lostspace=\dimen124
\lst@width=\dimen125
\lst@newlines=\count108
\lst@lineno=\count109
\lst@maxwidth=\dimen126

("C:\Program Files (x86)\MiKTeX 2.9\tex\latex\listings\lstmisc.sty"
File: lstmisc.sty 2015/06/04 1.6 (Carsten Heinz)
\c@lstnumber=\count110
\lst@skipnumbers=\count111
\lst@framebox=\box29
)
("C:\Program Files (x86)\MiKTeX 2.9\tex\latex\listings\listings.cfg"
File: listings.cfg 2015/06/04 1.6 listings configuration
))
Package: listings 2015/06/04 1.6 (Carsten Heinz)

("C:\Program Files (x86)\MiKTeX 2.9\tex\latex\listings\lstlang1.sty"
File: lstlang1.sty 2015/06/04 1.6 listings language file
)
("C:\Program Files (x86)\MiKTeX 2.9\tex\latex\listings\lstlang2.sty"
File: lstlang2.sty 2015/06/04 1.6 listings language file
)
("C:\Program Files (x86)\MiKTeX 2.9\tex\latex\graphics\color.sty"
Package: color 2014/10/28 v1.1a Standard LaTeX Color (DPC)

("C:\Program Files (x86)\MiKTeX 2.9\tex\latex\00miktex\color.cfg"
File: color.cfg 2007/01/18 v1.5 color configuration of teTeX/TeXLive
)
Package color Info: Driver file: pdftex.def on input line 142.
)
(template.aux)
LaTeX Font Info:    Checking defaults for OML/cmm/m/it on input line 18.
LaTeX Font Info:    ... okay on input line 18.
LaTeX Font Info:    Checking defaults for T1/cmr/m/n on input line 18.
LaTeX Font Info:    ... okay on input line 18.
LaTeX Font Info:    Checking defaults for OT1/cmr/m/n on input line 18.
LaTeX Font Info:    ... okay on input line 18.
LaTeX Font Info:    Checking defaults for OMS/cmsy/m/n on input line 18.
LaTeX Font Info:    ... okay on input line 18.
LaTeX Font Info:    Checking defaults for OMX/cmex/m/n on input line 18.
LaTeX Font Info:    ... okay on input line 18.
LaTeX Font Info:    Checking defaults for U/cmr/m/n on input line 18.
LaTeX Font Info:    ... okay on input line 18.

("C:\Program Files (x86)\MiKTeX 2.9\tex\context\base\supp-pdf.mkii"
[Loading MPS to PDF converter (version 2006.09.02).]
\scratchcounter=\count112
\scratchdimen=\dimen127
\scratchbox=\box30
\nofMPsegments=\count113
\nofMParguments=\count114
\everyMPshowfont=\toks26
\MPscratchCnt=\count115
\MPscratchDim=\dimen128
\MPnumerator=\count116
\makeMPintoPDFobject=\count117
\everyMPtoPDFconversion=\toks27
)
*geometry* driver: auto-detecting
*geometry* detected driver: pdftex
*geometry* verbose mode - [ preamble ] result:
* driver: pdftex
* paper: a4paper
* layout: <same size as paper>
* layoutoffset:(h,v)=(0.0pt,0.0pt)
* modes: 
* h-part:(L,W,R)=(57.81621pt, 481.87546pt, 57.81621pt)
* v-part:(T,H,B)=(57.81621pt, 729.41443pt, 57.81621pt)
* \paperwidth=597.50787pt
* \paperheight=845.04684pt
* \textwidth=481.87546pt
* \textheight=729.41443pt
* \oddsidemargin=-14.45378pt
* \evensidemargin=-14.45378pt
* \topmargin=-51.45378pt
* \headheight=12.0pt
* \headsep=25.0pt
* \topskip=10.0pt
* \footskip=30.0pt
* \marginparwidth=57.0pt
* \marginparsep=11.0pt
* \columnsep=10.0pt
* \skip\footins=9.0pt plus 4.0pt minus 2.0pt
* \hoffset=0.0pt
* \voffset=0.0pt
* \mag=1000
* \@twocolumnfalse
* \@twosidefalse
* \@mparswitchfalse
* \@reversemarginfalse
* (1in=72.27pt=25.4mm, 1cm=28.453pt)

\c@lstlisting=\count118
<images/feup-logo.png, id=1, 2252.415pt x 742.775pt>
File: images/feup-logo.png Graphic file (type png)

<use images/feup-logo.png>
Package pdftex.def Info: images/feup-logo.png used on input line 40.
(pdftex.def)             Requested size: 225.2547pt x 74.28185pt.
 [1

{C:/Users/Diogo/AppData/Local/MiKTeX/2.9/pdftex/config/pdftex.map} <./images/fe
up-logo.png>] [2] (template.toc)
\tf@toc=\write3
 [3]
Underfull \hbox (badness 10000) in paragraph at lines 80--81

 []


Underfull \hbox (badness 10000) in paragraph at lines 82--83

 []

<images/push_not_pool.png, id=19, 794.97pt x 555.07375pt>
File: images/push_not_pool.png Graphic file (type png)

<use images/push_not_pool.png>
Package pdftex.def Info: images/push_not_pool.png used on input line 96.
(pdftex.def)             Requested size: 158.99118pt x 111.01277pt.

<images/push_pool.png, id=20, 198.7425pt x 190.7125pt>
File: images/push_pool.png Graphic file (type png)

<use images/push_pool.png>
Package pdftex.def Info: images/push_pool.png used on input line 102.
(pdftex.def)             Requested size: 39.74779pt x 38.14182pt.
 [4 <./images/push_not_pool.png> <./images/push_pool.png>] <images/invalid_push
.png, id=27, 794.97pt x 555.07375pt>
File: images/invalid_push.png Graphic file (type png)

<use images/invalid_push.png>
Package pdftex.def Info: images/invalid_push.png used on input line 111.
(pdftex.def)             Requested size: 158.99118pt x 111.01277pt.

Underfull \hbox (badness 10000) in paragraph at lines 115--116

 []

<images/move_cap.png, id=28, 794.97pt x 555.07375pt>
File: images/move_cap.png Graphic file (type png)
 <use images/move_cap.png>
Package pdftex.def Info: images/move_cap.png used on input line 124.
(pdftex.def)             Requested size: 238.49284pt x 166.52339pt.

Overfull \hbox (10.8708pt too wide) in paragraph at lines 124--125
 [][] 
 []

<images/valid_invalid_move.png, id=29, 682.55pt x 287.0725pt>
File: images/valid_invalid_move.png Graphic file (type png)

<use images/valid_invalid_move.png>
Package pdftex.def Info: images/valid_invalid_move.png used on input line 130.
(pdftex.def)             Requested size: 136.50758pt x 57.41347pt.

Underfull \hbox (badness 10000) in paragraph at lines 135--136

 []


Underfull \hbox (badness 10000) in paragraph at lines 137--138

 []


Underfull \hbox (badness 10000) in paragraph at lines 141--142

 []

File: images/move_cap.png Graphic file (type png)
<use images/move_cap.png>
Package pdftex.def Info: images/move_cap.png used on input line 153.
(pdftex.def)             Requested size: 238.49284pt x 166.52339pt.
 [5 <./images/invalid_push.png> <./images/move_cap.png> <./images/valid_invalid
_move.png>]
<images/make_board.png, id=34, 681.54625pt x 569.12625pt>
File: images/make_board.png Graphic file (type png)

<use images/make_board.png>
Package pdftex.def Info: images/make_board.png used on input line 171.
(pdftex.def)             Requested size: 306.69298pt x 256.10445pt.
 <images/board.png, id=35, 803.0pt x 602.25pt>
File: images/board.png Graphic file (type png)

<use images/board.png>
Package pdftex.def Info: images/board.png used on input line 179.
(pdftex.def)             Requested size: 240.90186pt x 180.67639pt.
 <images/push.png, id=36, 301.125pt x 301.125pt>
File: images/push.png Graphic file (type png)

<use images/push.png>
Package pdftex.def Info: images/push.png used on input line 187.
(pdftex.def)             Requested size: 60.22392pt x 60.22392pt.
 [6]

LaTeX Warning: Text page 7 contains only floats.

[7 <./images/make_board.png> <./images/board.png> <./images/push.png>]
<images/move.png, id=49, 301.125pt x 301.125pt>
File: images/move.png Graphic file (type png)
 <use images/move.png>
Package pdftex.def Info: images/move.png used on input line 197.
(pdftex.def)             Requested size: 90.33818pt x 90.33818pt.

<images/sacrifice.png, id=50, 794.97pt x 591.20876pt>
File: images/sacrifice.png Graphic file (type png)

<use images/sacrifice.png>
Package pdftex.def Info: images/sacrifice.png used on input line 205.
(pdftex.def)             Requested size: 238.49284pt x 177.36398pt.
 <images/pool.png, id=51, 794.97pt x 582.175pt>
File: images/pool.png Graphic file (type png)

<use images/pool.png>
Package pdftex.def Info: images/pool.png used on input line 213.
(pdftex.def)             Requested size: 158.99118pt x 116.43294pt.
 [8 <./images/move.png> <./images/sacrifice.png> <./images/pool.png>]
LaTeX Font Info:    Try loading font information for OMS+cmr on input line 225.

 ("C:\Program Files (x86)\MiKTeX 2.9\tex\latex\base\omscmr.fd"
File: omscmr.fd 2014/09/29 v2.5h Standard LaTeX font definitions
)
LaTeX Font Info:    Font shape `OMS/cmr/m/n' in size <10> not available
(Font)              Font shape `OMS/cmsy/m/n' tried instead on input line 225.

<images/draw_board.png, id=58, 491.58656pt x 216.05719pt>
File: images/draw_board.png Graphic file (type png)

<use images/draw_board.png>
Package pdftex.def Info: images/draw_board.png used on input line 236.
(pdftex.def)             Requested size: 393.26978pt x 172.84596pt.

<images/board_prolog.png, id=59, 336.50719pt x 201.00093pt>
File: images/board_prolog.png Graphic file (type png)

<use images/board_prolog.png>
Package pdftex.def Info: images/board_prolog.png used on input line 244.
(pdftex.def)             Requested size: 201.90585pt x 120.60147pt.

<images/board_inter.png, id=60, 794.97pt x 582.175pt>
File: images/board_inter.png Graphic file (type png)

<use images/board_inter.png>
Package pdftex.def Info: images/board_inter.png used on input line 252.
(pdftex.def)             Requested size: 476.98569pt x 349.3077pt.
 [9 <./images/draw_board.png> <./images/board_prolog.png>] [10 <./images/board_
inter.png>]
<images/game_loop.png, id=68, 260.47313pt x 124.21407pt>
File: images/game_loop.png Graphic file (type png)

<use images/game_loop.png>
Package pdftex.def Info: images/game_loop.png used on input line 302.
(pdftex.def)             Requested size: 208.37878pt x 99.37137pt.

Underfull \hbox (badness 10000) in paragraph at lines 316--318

 []

[11 <./images/game_loop.png>]
Underfull \hbox (badness 10000) in paragraph at lines 327--329

 []


Underfull \hbox (badness 10000) in paragraph at lines 330--332

 []

[12]
No file template.bbl.

Underfull \hbox (badness 10000) in paragraph at lines 353--354

 []

LaTeX Font Info:    Font shape `OMS/cmr/m/it' in size <10> not available
(Font)              Font shape `OMS/cmsy/m/n' tried instead on input line 360.
LaTeX Font Info:    Try loading font information for OML+cmr on input line 404.

("C:\Program Files (x86)\MiKTeX 2.9\tex\latex\base\omlcmr.fd"
File: omlcmr.fd 2014/09/29 v2.5h Standard LaTeX font definitions
)
LaTeX Font Info:    Font shape `OML/cmr/m/n' in size <10> not available
(Font)              Font shape `OML/cmm/m/it' tried instead on input line 404.
 [13

] [14]
[15] [16] [17] [18] [19] [20] [21] [22] [23] [24] [25]
Overfull \hbox (16.12961pt too wide) in paragraph at lines 1036--1037
[][][][][][][][][][][][][][][][][][][][][][][][][] 
 []


Overfull \hbox (16.12961pt too wide) in paragraph at lines 1050--1051
[][][][][][][][][][][][][][][][][][][][][][][][][] 
 []


Overfull \hbox (16.12961pt too wide) in paragraph at lines 1067--1068
[][][][][][][][][][][][][][][][][][][][][][][][][] 
 []


Overfull \hbox (16.12961pt too wide) in paragraph at lines 1081--1082
[][][][][][][][][][][][][][][][][][][][][][][][][] 
 []

[26]
Overfull \hbox (16.12961pt too wide) in paragraph at lines 1099--1100
[][][][][][][][][][][][][][][][][][][][][][][][][] 
 []


Overfull \hbox (16.12961pt too wide) in paragraph at lines 1113--1114
[][][][][][][][][][][][][][][][][][][][][][][][][] 
 []


Overfull \hbox (16.12961pt too wide) in paragraph at lines 1132--1133
[][][][][][][][][][][][][][][][][][][][][][][][][] 
 []

[27]
Overfull \hbox (16.12961pt too wide) in paragraph at lines 1146--1147
[][][][][][][][][][][][][][][][][][][][][][][][][] 
 []


Overfull \hbox (22.12967pt too wide) in paragraph at lines 1165--1166
[][][][][][][][][][][][][][][][][][][][][][][][][] 
 []


Overfull \hbox (22.12967pt too wide) in paragraph at lines 1179--1180
[][][][][][][][][][][][][][][][][][][][][][][][][] 
 []

[28]
Overfull \hbox (22.12967pt too wide) in paragraph at lines 1196--1197
[][][][][][][][][][][][][][][][][][][][][][][][][] 
 []


Overfull \hbox (22.12967pt too wide) in paragraph at lines 1212--1213
[][][][][][][][][][][][][][][][][][][][][][][][][] 
 []


Overfull \hbox (22.12967pt too wide) in paragraph at lines 1232--1233
[][][][][][][][][][][][][][][][][][][][][][][][][] 
 []

[29]
Overfull \hbox (22.12967pt too wide) in paragraph at lines 1246--1247
[][][][][][][][][][][][][][][][][][][][][][][][][] 
 []


Overfull \hbox (22.12967pt too wide) in paragraph at lines 1263--1264
[][][][][][][][][][][][][][][][][][][][][][][][][] 
 []


Overfull \hbox (22.12967pt too wide) in paragraph at lines 1277--1278
[][][][][][][][][][][][][][][][][][][][][][][][][] 
 []

[30]
Overfull \hbox (82.13028pt too wide) in paragraph at lines 1297--1299
[][][][][][][][][][][][][][][][][][][][][] 
 []


Overfull \hbox (82.13028pt too wide) in paragraph at lines 1306--1308
[][][][][][][][][][][][][][][][][][][][][] 
 []


Overfull \hbox (28.12973pt too wide) in paragraph at lines 1312--1313
[][][][][][][][][][][][][][][][][][][][][][][][] 
 []


Overfull \hbox (22.12967pt too wide) in paragraph at lines 1315--1317
[][][][][][][][][][][][][][][][][][][][][] 
 []


Overfull \hbox (46.12991pt too wide) in paragraph at lines 1317--1318
[][][][][][][][][][][][][][][][][][][][][][][][][][] 
 []


Overfull \hbox (22.12967pt too wide) in paragraph at lines 1320--1322
[][][][][][][][][][][][][][][][][][][][][][] 
 []


Overfull \hbox (34.12979pt too wide) in paragraph at lines 1332--1334
[][][][][][][][][][][][][][][][][][][][][][][][][][][][][] 
 []


Overfull \hbox (52.12997pt too wide) in paragraph at lines 1341--1342
[][][][][][][][][][][][][][][][][][][] 
 []

[31] [32] [33] [34] [35]
Overfull \hbox (172.1312pt too wide) in paragraph at lines 1601--1602
[][][][][][][][][][][][][][][][][][][][][][][][][][][][][][][][][][][][][][][][
][][][][][] 
 []

[36]
Overfull \hbox (172.1312pt too wide) in paragraph at lines 1607--1608
[][][][][][][][][][][][][][][][][][][][][][][][][][][][][][][][][][][][][][][][
][][][][][] 
 []


Overfull \hbox (322.13272pt too wide) in paragraph at lines 1619--1620
[][][][][][][][][][][][][][][][][][][] 
 []

[37]
Overfull \hbox (130.13077pt too wide) in paragraph at lines 1684--1685
[][][][][][][][][][][][][][][][][][][][][][][][][][][] 
 []


Overfull \hbox (178.13126pt too wide) in paragraph at lines 1687--1689
[][][][][][][][][][][][][][][][][][][][][][][][][][][][][][][] 
 []


Overfull \hbox (82.13028pt too wide) in paragraph at lines 1693--1694
[][][][][][][][][][][][][][][][][][][][][][][][][][][][][][][][][][] 
 []


Overfull \hbox (4.12949pt too wide) in paragraph at lines 1706--1708
[][][][][][][][][][][][][][][][][][][][][][][][][][][][] 
 []


Overfull \hbox (82.13028pt too wide) in paragraph at lines 1708--1709
[][][][][][][][][][][][][][][][][][][][][][][][][][][][][][][][][][] 
 []

[38]
Overfull \hbox (4.12949pt too wide) in paragraph at lines 1719--1721
[][][][][][][][][][][][][][][][][][][][][][][][][][][][] 
 []


Overfull \hbox (82.13028pt too wide) in paragraph at lines 1723--1724
[][][][][][][][][][][][][][][][][][][][][][][][][][][][][][][][][][] 
 []


Overfull \hbox (4.12949pt too wide) in paragraph at lines 1736--1738
[][][][][][][][][][][][][][][][][][][][][][][][][][][][] 
 []


Overfull \hbox (82.13028pt too wide) in paragraph at lines 1738--1739
[][][][][][][][][][][][][][][][][][][][][][][][][][][][][][][][][][] 
 []


Overfull \hbox (4.12949pt too wide) in paragraph at lines 1749--1751
[][][][][][][][][][][][][][][][][][][][][][][][][][][][] 
 []

[39] (template.aux) ) 
Here is how much of TeX's memory you used:
 5026 strings out of 493673
 66194 string characters out of 3141529
 213809 words of memory out of 3000000
 8295 multiletter control sequences out of 15000+200000
 10143 words of font info for 37 fonts, out of 3000000 for 9000
 1025 hyphenation exceptions out of 8191
 27i,9n,40p,721b,1657s stack positions out of 5000i,500n,10000p,200000b,50000s
<C:/Program Files (x86)/MiKTeX 2.9/fonts/type1/public/amsf
onts/cm/cmbx10.pfb><C:/Program Files (x86)/MiKTeX 2.9/fonts/type1/public/amsfon
ts/cm/cmbx12.pfb><C:/Program Files (x86)/MiKTeX 2.9/fonts/type1/public/amsfonts
/cm/cmmi10.pfb><C:/Program Files (x86)/MiKTeX 2.9/fonts/type1/public/amsfonts/c
m/cmmi7.pfb><C:/Program Files (x86)/MiKTeX 2.9/fonts/type1/public/amsfonts/cm/c
mr10.pfb><C:/Program Files (x86)/MiKTeX 2.9/fonts/type1/public/amsfonts/cm/cmr1
2.pfb><C:/Program Files (x86)/MiKTeX 2.9/fonts/type1/public/amsfonts/cm/cmr7.pf
b><C:/Program Files (x86)/MiKTeX 2.9/fonts/type1/public/amsfonts/cm/cmsy10.pfb>
<C:/Program Files (x86)/MiKTeX 2.9/fonts/type1/public/amsfonts/cm/cmti10.pfb><C
:/Program Files (x86)/MiKTeX 2.9/fonts/type1/public/amsfonts/cm/cmtt10.pfb>
Output written on template.pdf (39 pages, 6636425 bytes).
PDF statistics:
 195 PDF objects out of 1000 (max. 8388607)
 0 named destinations out of 1000 (max. 500000)
 81 words of extra memory for PDF output out of 10000 (max. 10000000)

